# JRE version: OpenJDK Runtime Environment (8.0_152-b06) (build 1.8.0_152-release-1136-b06)
# Java VM: OpenJDK 64-Bit Server VM (25.152-b06 mixed mode linux-amd64 compressed oops)
Heap:
 PSYoungGen      total 328704K, used 20477K [0x00000000eab00000, 0x0000000100000000, 0x0000000100000000)
  eden space 308224K, 0% used [0x00000000eab00000,0x00000000eab00000,0x00000000fd800000)
  from space 20480K, 99% used [0x00000000fd800000,0x00000000febff458,0x00000000fec00000)
  to   space 20480K, 0% used [0x00000000fec00000,0x00000000fec00000,0x0000000100000000)
 ParOldGen       total 135680K, used 39326K [0x00000000c0000000, 0x00000000c8480000, 0x00000000eab00000)
  object space 135680K, 28% used [0x00000000c0000000,0x00000000c2667ba0,0x00000000c8480000)
 Metaspace       used 56515K, capacity 58930K, committed 59008K, reserved 1099776K
  class space    used 7890K, capacity 8499K, committed 8576K, reserved 1048576K
GC Heap History (10 events):
Event: 5.986 GC heap after
Heap after GC invocations=5 (full 1):
 PSYoungGen      total 218624K, used 10737K [0x00000000eab00000, 0x00000000fbc00000, 0x0000000100000000)
  eden space 207872K, 0% used [0x00000000eab00000,0x00000000eab00000,0x00000000f7600000)
  from space 10752K, 99% used [0x00000000fb180000,0x00000000fbbfc5a8,0x00000000fbc00000)
  to   space 10752K, 0% used [0x00000000fa700000,0x00000000fa700000,0x00000000fb180000)
 ParOldGen       total 96768K, used 10548K [0x00000000c0000000, 0x00000000c5e80000, 0x00000000eab00000)
  object space 96768K, 10% used [0x00000000c0000000,0x00000000c0a4d058,0x00000000c5e80000)
 Metaspace       used 29728K, capacity 30344K, committed 30592K, reserved 1075200K
  class space    used 4204K, capacity 4414K, committed 4480K, reserved 1048576K
}
Event: 7.185 GC heap before
{Heap before GC invocations=6 (full 1):
 PSYoungGen      total 218624K, used 55356K [0x00000000eab00000, 0x00000000fbc00000, 0x0000000100000000)
  eden space 207872K, 21% used [0x00000000eab00000,0x00000000ed692c58,0x00000000f7600000)
  from space 10752K, 99% used [0x00000000fb180000,0x00000000fbbfc5a8,0x00000000fbc00000)
  to   space 10752K, 0% used [0x00000000fa700000,0x00000000fa700000,0x00000000fb180000)
 ParOldGen       total 96768K, used 10548K [0x00000000c0000000, 0x00000000c5e80000, 0x00000000eab00000)
  object space 96768K, 10% used [0x00000000c0000000,0x00000000c0a4d058,0x00000000c5e80000)
 Metaspace       used 34506K, capacity 35180K, committed 35416K, reserved 1079296K
  class space    used 4772K, capacity 5007K, committed 5120K, reserved 1048576K
Event: 7.285 GC heap after
Heap after GC invocations=6 (full 1):
 PSYoungGen      total 268800K, used 10720K [0x00000000eab00000, 0x0000000100000000, 0x0000000100000000)
  eden space 258048K, 0% used [0x00000000eab00000,0x00000000eab00000,0x00000000fa700000)
  from space 10752K, 99% used [0x00000000fa700000,0x00000000fb178068,0x00000000fb180000)
  to   space 13312K, 0% used [0x00000000ff300000,0x00000000ff300000,0x0000000100000000)
 ParOldGen       total 96768K, used 10700K [0x00000000c0000000, 0x00000000c5e80000, 0x00000000eab00000)
  object space 96768K, 11% used [0x00000000c0000000,0x00000000c0a73180,0x00000000c5e80000)
 Metaspace       used 34506K, capacity 35180K, committed 35416K, reserved 1079296K
  class space    used 4772K, capacity 5007K, committed 5120K, reserved 1048576K
}
Event: 7.285 GC heap before
{Heap before GC invocations=7 (full 2):
 PSYoungGen      total 268800K, used 10720K [0x00000000eab00000, 0x0000000100000000, 0x0000000100000000)
  eden space 258048K, 0% used [0x00000000eab00000,0x00000000eab00000,0x00000000fa700000)
  from space 10752K, 99% used [0x00000000fa700000,0x00000000fb178068,0x00000000fb180000)
  to   space 13312K, 0% used [0x00000000ff300000,0x00000000ff300000,0x0000000100000000)
 ParOldGen       total 96768K, used 10700K [0x00000000c0000000, 0x00000000c5e80000, 0x00000000eab00000)
  object space 96768K, 11% used [0x00000000c0000000,0x00000000c0a73180,0x00000000c5e80000)
 Metaspace       used 34506K, capacity 35180K, committed 35416K, reserved 1079296K
  class space    used 4772K, capacity 5007K, committed 5120K, reserved 1048576K
Event: 7.366 GC heap after
Heap after GC invocations=7 (full 2):
 PSYoungGen      total 268800K, used 0K [0x00000000eab00000, 0x0000000100000000, 0x0000000100000000)
  eden space 258048K, 0% used [0x00000000eab00000,0x00000000eab00000,0x00000000fa700000)
  from space 10752K, 0% used [0x00000000fa700000,0x00000000fa700000,0x00000000fb180000)
  to   space 13312K, 0% used [0x00000000ff300000,0x00000000ff300000,0x0000000100000000)
 ParOldGen       total 135680K, used 17260K [0x00000000c0000000, 0x00000000c8480000, 0x00000000eab00000)
  object space 135680K, 12% used [0x00000000c0000000,0x00000000c10db2f0,0x00000000c8480000)
 Metaspace       used 34506K, capacity 35180K, committed 35416K, reserved 1079296K
  class space    used 4772K, capacity 5007K, committed 5120K, reserved 1048576K
}
Event: 10.985 GC heap before
{Heap before GC invocations=8 (full 2):
 PSYoungGen      total 268800K, used 258048K [0x00000000eab00000, 0x0000000100000000, 0x0000000100000000)
  eden space 258048K, 100% used [0x00000000eab00000,0x00000000fa700000,0x00000000fa700000)
  from space 10752K, 0% used [0x00000000fa700000,0x00000000fa700000,0x00000000fb180000)
  to   space 13312K, 0% used [0x00000000ff300000,0x00000000ff300000,0x0000000100000000)
 ParOldGen       total 135680K, used 17260K [0x00000000c0000000, 0x00000000c8480000, 0x00000000eab00000)
  object space 135680K, 12% used [0x00000000c0000000,0x00000000c10db2f0,0x00000000c8480000)
 Metaspace       used 49952K, capacity 51550K, committed 51712K, reserved 1093632K
  class space    used 6921K, capacity 7328K, committed 7424K, reserved 1048576K
Event: 11.148 GC heap after
Heap after GC invocations=8 (full 2):
 PSYoungGen      total 321536K, used 13284K [0x00000000eab00000, 0x0000000100000000, 0x0000000100000000)
  eden space 308224K, 0% used [0x00000000eab00000,0x00000000eab00000,0x00000000fd800000)
  from space 13312K, 99% used [0x00000000ff300000,0x00000000ffff9130,0x0000000100000000)
  to   space 20480K, 0% used [0x00000000fd800000,0x00000000fd800000,0x00000000fec00000)
 ParOldGen       total 135680K, used 27760K [0x00000000c0000000, 0x00000000c8480000, 0x00000000eab00000)
  object space 135680K, 20% used [0x00000000c0000000,0x00000000c1b1c2f8,0x00000000c8480000)
 Metaspace       used 49952K, capacity 51550K, committed 51712K, reserved 1093632K
  class space    used 6921K, capacity 7328K, committed 7424K, reserved 1048576K
}
Event: 13.099 GC heap before
{Heap before GC invocations=9 (full 2):
 PSYoungGen      total 321536K, used 198326K [0x00000000eab00000, 0x0000000100000000, 0x0000000100000000)
  eden space 308224K, 60% used [0x00000000eab00000,0x00000000f5fb4aa0,0x00000000fd800000)
  from space 13312K, 99% used [0x00000000ff300000,0x00000000ffff9130,0x0000000100000000)
  to   space 20480K, 0% used [0x00000000fd800000,0x00000000fd800000,0x00000000fec00000)
 ParOldGen       total 135680K, used 27760K [0x00000000c0000000, 0x00000000c8480000, 0x00000000eab00000)
  object space 135680K, 20% used [0x00000000c0000000,0x00000000c1b1c2f8,0x00000000c8480000)
 Metaspace       used 56515K, capacity 58930K, committed 59008K, reserved 1099776K
  class space    used 7890K, capacity 8499K, committed 8576K, reserved 1048576K
Event: 13.302 GC heap after
Heap after GC invocations=9 (full 2):
 PSYoungGen      total 328704K, used 20477K [0x00000000eab00000, 0x0000000100000000, 0x0000000100000000)
  eden space 308224K, 0% used [0x00000000eab00000,0x00000000eab00000,0x00000000fd800000)
  from space 20480K, 99% used [0x00000000fd800000,0x00000000febff458,0x00000000fec00000)
  to   space 20480K, 0% used [0x00000000fec00000,0x00000000fec00000,0x0000000100000000)
 ParOldGen       total 135680K, used 39326K [0x00000000c0000000, 0x00000000c8480000, 0x00000000eab00000)
  object space 135680K, 28% used [0x00000000c0000000,0x00000000c2667ba0,0x00000000c8480000)
 Metaspace       used 56515K, capacity 58930K, committed 59008K, reserved 1099776K
  class space    used 7890K, capacity 8499K, committed 8576K, reserved 1048576K
}
Event: 13.302 GC heap before
{Heap before GC invocations=10 (full 3):
 PSYoungGen      total 328704K, used 20477K [0x00000000eab00000, 0x0000000100000000, 0x0000000100000000)
  eden space 308224K, 0% used [0x00000000eab00000,0x00000000eab00000,0x00000000fd800000)
  from space 20480K, 99% used [0x00000000fd800000,0x00000000febff458,0x00000000fec00000)
  to   space 20480K, 0% used [0x00000000fec00000,0x00000000fec00000,0x0000000100000000)
 ParOldGen       total 135680K, used 39326K [0x00000000c0000000, 0x00000000c8480000, 0x00000000eab00000)
  object space 135680K, 28% used [0x00000000c0000000,0x00000000c2667ba0,0x00000000c8480000)
 Metaspace       used 56515K, capacity 58930K, committed 59008K, reserved 1099776K
  class space    used 7890K, capacity 8499K, committed 8576K, reserved 1048576K

